[debug] [2022-11-11T07:42:29.240Z] ----------------------------------------------------------------------
[debug] [2022-11-11T07:42:29.243Z] Command:       C:\Program Files\nodejs\node.exe C:\Users\tejaswini_tekale\AppData\Roaming\npm\node_modules\firebase-tools\lib\bin\firebase.js init
[debug] [2022-11-11T07:42:29.244Z] CLI Version:   11.16.0
[debug] [2022-11-11T07:42:29.244Z] Platform:      win32
[debug] [2022-11-11T07:42:29.245Z] Node Version:  v16.17.1
[debug] [2022-11-11T07:42:29.249Z] Time:          Fri Nov 11 2022 13:12:29 GMT+0530 (India Standard Time)
[debug] [2022-11-11T07:42:29.250Z] ----------------------------------------------------------------------
[debug] 
[debug] [2022-11-11T07:42:29.270Z] > command requires scopes: ["email","openid","https://www.googleapis.com/auth/cloudplatformprojects.readonly","https://www.googleapis.com/auth/firebase","https://www.googleapis.com/auth/cloud-platform"]
[debug] [2022-11-11T07:42:29.271Z] > authorizing via signed-in user (tejaswinitekale@gmail.com)
[info] 
     ######## #### ########  ######## ########     ###     ######  ########
     ##        ##  ##     ## ##       ##     ##  ##   ##  ##       ##
     ######    ##  ########  ######   ########  #########  ######  ######
     ##        ##  ##    ##  ##       ##     ## ##     ##       ## ##
     ##       #### ##     ## ######## ########  ##     ##  ######  ########

You're about to initialize a Firebase project in this directory:

  D:\React Project\euro-money

[info] 
=== Project Setup
[info] 
[info] First, let's associate this project directory with a Firebase project.
[info] You can create multiple project aliases by running firebase use --add, 
[info] but for now we'll just set up a default project.
[info] 
[debug] [2022-11-11T07:42:48.287Z] >>> [apiv2][query] GET https://firebase.googleapis.com/v1beta1/projects pageSize=100
[debug] [2022-11-11T07:42:48.716Z] Failed to make request to https://firebase.googleapis.com/v1beta1/projects?pageSize=100
[debug] [2022-11-11T07:42:49.017Z] FirebaseError: Failed to make request to https://firebase.googleapis.com/v1beta1/projects?pageSize=100
    at RetryOperation._fn (C:\Users\tejaswini_tekale\AppData\Roaming\npm\node_modules\firebase-tools\lib\apiv2.js:242:31)
    at processTicksAndRejections (node:internal/process/task_queues:96:5)
[error] 
[error] Error: Failed to list Firebase projects. See firebase-debug.log for more info.
